<?xml version="1.0" encoding="UTF-8"?>
<testsuite name="com.dasanpass.DSPS_WEB.service.member.MemberServiceTest" tests="1" skipped="0" failures="0" errors="0" timestamp="2022-10-28T07:15:11" hostname="Seokbinui-MacBookPro.local" time="0.27">
  <properties/>
  <testcase name="Auditing 테스트" classname="com.dasanpass.DSPS_WEB.service.member.MemberServiceTest" time="0.27"/>
  <system-out><![CDATA[16:15:04.857 [Test worker] DEBUG org.springframework.test.context.BootstrapUtils - Instantiating CacheAwareContextLoaderDelegate from class [org.springframework.test.context.cache.DefaultCacheAwareContextLoaderDelegate]
16:15:04.871 [Test worker] DEBUG org.springframework.test.context.BootstrapUtils - Instantiating BootstrapContext using constructor [public org.springframework.test.context.support.DefaultBootstrapContext(java.lang.Class,org.springframework.test.context.CacheAwareContextLoaderDelegate)]
16:15:04.913 [Test worker] DEBUG org.springframework.test.context.BootstrapUtils - Instantiating TestContextBootstrapper for test class [com.dasanpass.DSPS_WEB.service.member.MemberServiceTest] from class [org.springframework.boot.test.context.SpringBootTestContextBootstrapper]
16:15:04.927 [Test worker] INFO org.springframework.boot.test.context.SpringBootTestContextBootstrapper - Neither @ContextConfiguration nor @ContextHierarchy found for test class [com.dasanpass.DSPS_WEB.service.member.MemberServiceTest], using SpringBootContextLoader
16:15:04.932 [Test worker] DEBUG org.springframework.test.context.support.AbstractContextLoader - Did not detect default resource location for test class [com.dasanpass.DSPS_WEB.service.member.MemberServiceTest]: class path resource [com/dasanpass/DSPS_WEB/service/member/MemberServiceTest-context.xml] does not exist
16:15:04.933 [Test worker] DEBUG org.springframework.test.context.support.AbstractContextLoader - Did not detect default resource location for test class [com.dasanpass.DSPS_WEB.service.member.MemberServiceTest]: class path resource [com/dasanpass/DSPS_WEB/service/member/MemberServiceTestContext.groovy] does not exist
16:15:04.933 [Test worker] INFO org.springframework.test.context.support.AbstractContextLoader - Could not detect default resource locations for test class [com.dasanpass.DSPS_WEB.service.member.MemberServiceTest]: no resource found for suffixes {-context.xml, Context.groovy}.
16:15:04.934 [Test worker] INFO org.springframework.test.context.support.AnnotationConfigContextLoaderUtils - Could not detect default configuration classes for test class [com.dasanpass.DSPS_WEB.service.member.MemberServiceTest]: MemberServiceTest does not declare any static, non-private, non-final, nested classes annotated with @Configuration.
16:15:04.989 [Test worker] DEBUG org.springframework.test.context.support.ActiveProfilesUtils - Could not find an 'annotation declaring class' for annotation type [org.springframework.test.context.ActiveProfiles] and class [com.dasanpass.DSPS_WEB.service.member.MemberServiceTest]
16:15:05.064 [Test worker] DEBUG org.springframework.context.annotation.ClassPathScanningCandidateComponentProvider - Identified candidate component class: file [/Users/seokbinyoon/Desktop/dasanpass/DSPS_WEB/build/classes/java/main/com/dasanpass/DSPS_WEB/DSPS_WEB_JavaApplication.class]
16:15:05.066 [Test worker] INFO org.springframework.boot.test.context.SpringBootTestContextBootstrapper - Found @SpringBootConfiguration com.dasanpass.DSPS_WEB.DSPS_WEB_JavaApplication for test class com.dasanpass.DSPS_WEB.service.member.MemberServiceTest
16:15:05.230 [Test worker] DEBUG org.springframework.boot.test.context.SpringBootTestContextBootstrapper - @TestExecutionListeners is not present for class [com.dasanpass.DSPS_WEB.service.member.MemberServiceTest]: using defaults.
16:15:05.241 [Test worker] INFO org.springframework.boot.test.context.SpringBootTestContextBootstrapper - Loaded default TestExecutionListener class names from location [META-INF/spring.factories]: [org.springframework.security.test.context.support.WithSecurityContextTestExecutionListener, org.springframework.security.test.context.support.ReactorContextTestExecutionListener, org.springframework.boot.test.autoconfigure.restdocs.RestDocsTestExecutionListener, org.springframework.boot.test.autoconfigure.web.client.MockRestServiceServerResetTestExecutionListener, org.springframework.boot.test.autoconfigure.web.servlet.MockMvcPrintOnlyOnFailureTestExecutionListener, org.springframework.boot.test.autoconfigure.web.servlet.WebDriverTestExecutionListener, org.springframework.boot.test.autoconfigure.webservices.client.MockWebServiceServerTestExecutionListener, org.springframework.boot.test.mock.mockito.MockitoTestExecutionListener, org.springframework.boot.test.mock.mockito.ResetMocksTestExecutionListener, org.springframework.test.context.web.ServletTestExecutionListener, org.springframework.test.context.support.DirtiesContextBeforeModesTestExecutionListener, org.springframework.test.context.event.ApplicationEventsTestExecutionListener, org.springframework.test.context.support.DependencyInjectionTestExecutionListener, org.springframework.test.context.support.DirtiesContextTestExecutionListener, org.springframework.test.context.transaction.TransactionalTestExecutionListener, org.springframework.test.context.jdbc.SqlScriptsTestExecutionListener, org.springframework.test.context.event.EventPublishingTestExecutionListener]
16:15:05.398 [Test worker] INFO org.springframework.boot.test.context.SpringBootTestContextBootstrapper - Using TestExecutionListeners: [org.springframework.test.context.web.ServletTestExecutionListener@42deb43a, org.springframework.test.context.support.DirtiesContextBeforeModesTestExecutionListener@1deb2c43, org.springframework.test.context.event.ApplicationEventsTestExecutionListener@3bb9efbc, org.springframework.boot.test.mock.mockito.MockitoTestExecutionListener@1cefc4b3, org.springframework.boot.test.autoconfigure.SpringBootDependencyInjectionTestExecutionListener@2b27cc70, org.springframework.test.context.support.DirtiesContextTestExecutionListener@6f6a7463, org.springframework.test.context.transaction.TransactionalTestExecutionListener@1bdaa23d, org.springframework.test.context.jdbc.SqlScriptsTestExecutionListener@79f227a9, org.springframework.security.test.context.support.WithSecurityContextTestExecutionListener@6ca320ab, org.springframework.test.context.event.EventPublishingTestExecutionListener@50d68830, org.springframework.security.test.context.support.ReactorContextTestExecutionListener@1e53135d, org.springframework.boot.test.autoconfigure.restdocs.RestDocsTestExecutionListener@7674a051, org.springframework.boot.test.autoconfigure.web.client.MockRestServiceServerResetTestExecutionListener@3a7704c, org.springframework.boot.test.autoconfigure.web.servlet.MockMvcPrintOnlyOnFailureTestExecutionListener@6754ef00, org.springframework.boot.test.autoconfigure.web.servlet.WebDriverTestExecutionListener@619bd14c, org.springframework.boot.test.autoconfigure.webservices.client.MockWebServiceServerTestExecutionListener@323e8306, org.springframework.boot.test.mock.mockito.ResetMocksTestExecutionListener@a23a01d]
16:15:05.404 [Test worker] DEBUG org.springframework.test.context.support.AbstractDirtiesContextTestExecutionListener - Before test class: context [DefaultTestContext@53bc1328 testClass = MemberServiceTest, testInstance = [null], testMethod = [null], testException = [null], mergedContextConfiguration = [WebMergedContextConfiguration@26f143ed testClass = MemberServiceTest, locations = '{}', classes = '{class com.dasanpass.DSPS_WEB.DSPS_WEB_JavaApplication}', contextInitializerClasses = '[]', activeProfiles = '{}', propertySourceLocations = '{classpath:application-test.properties}', propertySourceProperties = '{org.springframework.boot.test.context.SpringBootTestContextBootstrapper=true}', contextCustomizers = set[org.springframework.boot.test.autoconfigure.actuate.metrics.MetricsExportContextCustomizerFactory$DisableMetricExportContextCustomizer@505a9d7c, org.springframework.boot.test.autoconfigure.properties.PropertyMappingContextCustomizer@0, org.springframework.boot.test.autoconfigure.web.servlet.WebDriverContextCustomizerFactory$Customizer@7b324585, org.springframework.boot.test.context.filter.ExcludeFilterContextCustomizer@5974109, org.springframework.boot.test.json.DuplicateJsonObjectContextCustomizerFactory$DuplicateJsonObjectContextCustomizer@75c9e76b, org.springframework.boot.test.mock.mockito.MockitoContextCustomizer@0, org.springframework.boot.test.web.client.TestRestTemplateContextCustomizer@7a791b66, org.springframework.boot.test.context.SpringBootTestArgs@1, org.springframework.boot.test.context.SpringBootTestWebEnvironment@3576ddc2], resourceBasePath = 'src/main/webapp', contextLoader = 'org.springframework.boot.test.context.SpringBootContextLoader', parent = [null]], attributes = map['org.springframework.test.context.web.ServletTestExecutionListener.activateListener' -> true]], class annotated with @DirtiesContext [false] with mode [null].

  .   ____          _            __ _ _
 /\\ / ___'_ __ _ _(_)_ __  __ _ \ \ \ \
( ( )\___ | '_ | '_| | '_ \/ _` | \ \ \ \
 \\/  ___)| |_)| | | | | || (_| |  ) ) ) )
  '  |____| .__|_| |_|_| |_\__, | / / / /
 =========|_|==============|___/=/_/_/_/
 :: Spring Boot ::                (v2.7.3)

2022-10-28 16:15:06.148  INFO 31335 --- [    Test worker] c.d.D.service.member.MemberServiceTest   : Starting MemberServiceTest using Java 11.0.13 on Seokbinui-MacBookPro.local with PID 31335 (started by seokbinyoon in /Users/seokbinyoon/Desktop/dasanpass/DSPS_WEB)
2022-10-28 16:15:06.150  INFO 31335 --- [    Test worker] c.d.D.service.member.MemberServiceTest   : No active profile set, falling back to 1 default profile: "default"
2022-10-28 16:15:07.346  INFO 31335 --- [    Test worker] .s.d.r.c.RepositoryConfigurationDelegate : Bootstrapping Spring Data JPA repositories in DEFAULT mode.
2022-10-28 16:15:07.436  INFO 31335 --- [    Test worker] .s.d.r.c.RepositoryConfigurationDelegate : Finished Spring Data repository scanning in 82 ms. Found 6 JPA repository interfaces.
2022-10-28 16:15:07.993  INFO 31335 --- [    Test worker] o.hibernate.jpa.internal.util.LogHelper  : HHH000204: Processing PersistenceUnitInfo [name: default]
2022-10-28 16:15:08.050  INFO 31335 --- [    Test worker] org.hibernate.Version                    : HHH000412: Hibernate ORM core version 5.6.10.Final
2022-10-28 16:15:08.297  INFO 31335 --- [    Test worker] o.hibernate.annotations.common.Version   : HCANN000001: Hibernate Commons Annotations {5.1.2.Final}
2022-10-28 16:15:08.433  INFO 31335 --- [    Test worker] com.zaxxer.hikari.HikariDataSource       : HikariPool-1 - Starting...
2022-10-28 16:15:08.682  INFO 31335 --- [    Test worker] com.zaxxer.hikari.HikariDataSource       : HikariPool-1 - Start completed.
2022-10-28 16:15:08.705  INFO 31335 --- [    Test worker] org.hibernate.dialect.Dialect            : HHH000400: Using dialect: org.hibernate.dialect.H2Dialect
Hibernate: create table dpw_cart (cart_id bigint not null, reg_time timestamp, update_time timestamp, created_by varchar(255), modified_by varchar(255), member_id bigint, primary key (cart_id))
Hibernate: create table dpw_cart_item (cart_item_id bigint not null, reg_time timestamp, update_time timestamp, created_by varchar(255), modified_by varchar(255), count integer not null, cart_id bigint, item_id bigint, primary key (cart_item_id))
Hibernate: create table dpw_item (item_id bigint not null, reg_time timestamp, update_time timestamp, created_by varchar(255), modified_by varchar(255), item_detail clob not null, item_nm varchar(50) not null, item_sell_status varchar(255), price integer not null, stock_number integer not null, primary key (item_id))
Hibernate: create table dpw_item_img (item_img_id bigint not null, reg_time timestamp, update_time timestamp, created_by varchar(255), modified_by varchar(255), img_name varchar(255), img_url varchar(255), ori_img_name varchar(255), repimg_yn varchar(255), item_id bigint, primary key (item_img_id))
Hibernate: create table dpw_member (member_id bigint not null, reg_time timestamp, update_time timestamp, created_by varchar(255), modified_by varchar(255), address varchar(255), email varchar(255), name varchar(255), password varchar(255), role varchar(255), primary key (member_id))
Hibernate: create table dpw_order_item (order_item_id bigint not null, reg_time timestamp, update_time timestamp, created_by varchar(255), modified_by varchar(255), count integer not null, order_price integer not null, item_id bigint, order_id bigint, primary key (order_item_id))
Hibernate: create table dpw_orders (order_id bigint not null, reg_time timestamp, update_time timestamp, created_by varchar(255), modified_by varchar(255), order_date timestamp, order_status varchar(255), member_id bigint, primary key (order_id))
Hibernate: create table dpw_post (id bigint generated by default as identity, content clob, title varchar(255), primary key (id))
Hibernate: alter table dpw_member drop constraint if exists UK_tia78v8uqaa5tp809eb4yq54f
Hibernate: alter table dpw_member add constraint UK_tia78v8uqaa5tp809eb4yq54f unique (email)
Hibernate: create sequence hibernate_sequence start with 1 increment by 1
Hibernate: alter table dpw_cart add constraint FKd17jwoblatr2dte6g28sieahk foreign key (member_id) references dpw_member
Hibernate: alter table dpw_cart_item add constraint FKas63ibau8b4lrjfgqsewdbbdd foreign key (cart_id) references dpw_cart
Hibernate: alter table dpw_cart_item add constraint FK3efraemdje34q5r140crfsdgh foreign key (item_id) references dpw_item
Hibernate: alter table dpw_item_img add constraint FKu16m8joyjc6l0k1gfotswovn foreign key (item_id) references dpw_item
Hibernate: alter table dpw_order_item add constraint FK1y59j1f3k2rgruye5q6o0n8pg foreign key (item_id) references dpw_item
Hibernate: alter table dpw_order_item add constraint FKnr3ieprvy6ajkap1t4g2n7cd3 foreign key (order_id) references dpw_orders
Hibernate: alter table dpw_orders add constraint FKgjk7cmbaq0f5fho0ei02n8dsg foreign key (member_id) references dpw_member
2022-10-28 16:15:09.760  INFO 31335 --- [    Test worker] o.h.e.t.j.p.i.JtaPlatformInitiator       : HHH000490: Using JtaPlatform implementation: [org.hibernate.engine.transaction.jta.platform.internal.NoJtaPlatform]
2022-10-28 16:15:09.772  INFO 31335 --- [    Test worker] j.LocalContainerEntityManagerFactoryBean : Initialized JPA EntityManagerFactory for persistence unit 'default'
2022-10-28 16:15:09.868  WARN 31335 --- [    Test worker] JpaBaseConfiguration$JpaWebConfiguration : spring.jpa.open-in-view is enabled by default. Therefore, database queries may be performed during view rendering. Explicitly configure spring.jpa.open-in-view to disable this warning
2022-10-28 16:15:10.652  INFO 31335 --- [    Test worker] o.s.s.web.DefaultSecurityFilterChain     : Will secure any request with [org.springframework.security.web.session.DisableEncodeUrlFilter@47d4468a, org.springframework.security.web.context.request.async.WebAsyncManagerIntegrationFilter@60658389, org.springframework.security.web.context.SecurityContextPersistenceFilter@6c92a59d, org.springframework.security.web.header.HeaderWriterFilter@40696fc6, org.springframework.security.web.authentication.logout.LogoutFilter@35c3d6e8, org.springframework.security.web.savedrequest.RequestCacheAwareFilter@67167f8f, org.springframework.security.web.servletapi.SecurityContextHolderAwareRequestFilter@567baa55, org.springframework.security.web.authentication.AnonymousAuthenticationFilter@3ec98000, org.springframework.security.web.session.SessionManagementFilter@344769b9, org.springframework.security.web.access.ExceptionTranslationFilter@188058fb]
2022-10-28 16:15:11.895  INFO 31335 --- [    Test worker] c.d.D.service.member.MemberServiceTest   : Started MemberServiceTest in 6.447 seconds (JVM running for 10.733)
2022-10-28 16:15:11.925  INFO 31335 --- [    Test worker] o.s.t.c.transaction.TransactionContext   : Began transaction (1) for test context [DefaultTestContext@53bc1328 testClass = MemberServiceTest, testInstance = com.dasanpass.DSPS_WEB.service.member.MemberServiceTest@622e39d, testMethod = auditingTest@MemberServiceTest, testException = [null], mergedContextConfiguration = [WebMergedContextConfiguration@26f143ed testClass = MemberServiceTest, locations = '{}', classes = '{class com.dasanpass.DSPS_WEB.DSPS_WEB_JavaApplication}', contextInitializerClasses = '[]', activeProfiles = '{}', propertySourceLocations = '{classpath:application-test.properties}', propertySourceProperties = '{org.springframework.boot.test.context.SpringBootTestContextBootstrapper=true}', contextCustomizers = set[org.springframework.boot.test.autoconfigure.actuate.metrics.MetricsExportContextCustomizerFactory$DisableMetricExportContextCustomizer@505a9d7c, org.springframework.boot.test.autoconfigure.properties.PropertyMappingContextCustomizer@0, org.springframework.boot.test.autoconfigure.web.servlet.WebDriverContextCustomizerFactory$Customizer@7b324585, org.springframework.boot.test.context.filter.ExcludeFilterContextCustomizer@5974109, org.springframework.boot.test.json.DuplicateJsonObjectContextCustomizerFactory$DuplicateJsonObjectContextCustomizer@75c9e76b, org.springframework.boot.test.mock.mockito.MockitoContextCustomizer@0, org.springframework.boot.test.web.client.TestRestTemplateContextCustomizer@7a791b66, org.springframework.boot.test.context.SpringBootTestArgs@1, org.springframework.boot.test.context.SpringBootTestWebEnvironment@3576ddc2], resourceBasePath = 'src/main/webapp', contextLoader = 'org.springframework.boot.test.context.SpringBootContextLoader', parent = [null]], attributes = map['org.springframework.test.context.web.ServletTestExecutionListener.activateListener' -> true, 'org.springframework.test.context.web.ServletTestExecutionListener.populatedRequestContextHolder' -> true, 'org.springframework.test.context.web.ServletTestExecutionListener.resetRequestContextHolder' -> true, 'org.springframework.test.context.event.ApplicationEventsTestExecutionListener.recordApplicationEvents' -> false]]; transaction manager [org.springframework.orm.jpa.JpaTransactionManager@7d5ddfac]; rollback [true]
Hibernate: call next value for hibernate_sequence
Hibernate: insert into dpw_member (reg_time, update_time, created_by, modified_by, address, email, name, password, role, member_id) values (?, ?, ?, ?, ?, ?, ?, ?, ?, ?)
Hibernate: select memberenti0_.member_id as member_i1_4_0_, memberenti0_.reg_time as reg_time2_4_0_, memberenti0_.update_time as update_t3_4_0_, memberenti0_.created_by as created_4_4_0_, memberenti0_.modified_by as modified5_4_0_, memberenti0_.address as address6_4_0_, memberenti0_.email as email7_4_0_, memberenti0_.name as name8_4_0_, memberenti0_.password as password9_4_0_, memberenti0_.role as role10_4_0_ from dpw_member memberenti0_ where memberenti0_.member_id=?
register time : 2022-10-28T16:15:12.114974
update time : 2022-10-28T16:15:12.114974
2022-10-28 16:15:12.180  INFO 31335 --- [    Test worker] o.s.t.c.transaction.TransactionContext   : Rolled back transaction for test: [DefaultTestContext@53bc1328 testClass = MemberServiceTest, testInstance = com.dasanpass.DSPS_WEB.service.member.MemberServiceTest@622e39d, testMethod = auditingTest@MemberServiceTest, testException = [null], mergedContextConfiguration = [WebMergedContextConfiguration@26f143ed testClass = MemberServiceTest, locations = '{}', classes = '{class com.dasanpass.DSPS_WEB.DSPS_WEB_JavaApplication}', contextInitializerClasses = '[]', activeProfiles = '{}', propertySourceLocations = '{classpath:application-test.properties}', propertySourceProperties = '{org.springframework.boot.test.context.SpringBootTestContextBootstrapper=true}', contextCustomizers = set[org.springframework.boot.test.autoconfigure.actuate.metrics.MetricsExportContextCustomizerFactory$DisableMetricExportContextCustomizer@505a9d7c, org.springframework.boot.test.autoconfigure.properties.PropertyMappingContextCustomizer@0, org.springframework.boot.test.autoconfigure.web.servlet.WebDriverContextCustomizerFactory$Customizer@7b324585, org.springframework.boot.test.context.filter.ExcludeFilterContextCustomizer@5974109, org.springframework.boot.test.json.DuplicateJsonObjectContextCustomizerFactory$DuplicateJsonObjectContextCustomizer@75c9e76b, org.springframework.boot.test.mock.mockito.MockitoContextCustomizer@0, org.springframework.boot.test.web.client.TestRestTemplateContextCustomizer@7a791b66, org.springframework.boot.test.context.SpringBootTestArgs@1, org.springframework.boot.test.context.SpringBootTestWebEnvironment@3576ddc2], resourceBasePath = 'src/main/webapp', contextLoader = 'org.springframework.boot.test.context.SpringBootContextLoader', parent = [null]], attributes = map['org.springframework.test.context.web.ServletTestExecutionListener.activateListener' -> true, 'org.springframework.test.context.web.ServletTestExecutionListener.populatedRequestContextHolder' -> true, 'org.springframework.test.context.web.ServletTestExecutionListener.resetRequestContextHolder' -> true, 'org.springframework.test.context.event.ApplicationEventsTestExecutionListener.recordApplicationEvents' -> false]]
]]></system-out>
  <system-err><![CDATA[]]></system-err>
</testsuite>
